INFO: 2 CUDA compute-capable devices detected.
INFO: This program adds two float vectors (A + B = C) of length 268435456.
STATUS: Initializing values for vector A...
STATUS: Initializing values for vector B...
DEBUG: Vector A:
  0: 0.834896
  1: 0.662269
  2: 0.516823
   ...
DEBUG: Vector B:
  0: 0.149824
  1: 0.951026
  2: 0.528800
   ...
STATUS: Calculating entrywise sum on GPU...
INFO: Device 0 name: GeForce GTX 1070
INFO: Device 1 name: GeForce GTX 1070
INFO: GPU in time: 315.132 ms
INFO: GPU compute time: 7.822 ms
INFO: GPU out time: 440.248 ms
INFO: Total GPU time: 763.202 ms
STATUS: Calculating entrywise sum on CPU...
INFO: CPU compute time: 1838.320 ms
DEBUG: Vector C (GPU):
  0: 0.984720
  1: 1.613295
  2: 1.045623
   ...
DEBUG: Vector C (CPU):
  0: 0.984720
  1: 1.613295
  2: 1.045623
   ...
STATUS: Calculating total error between CPU and GPU results...
INFO: Total error: 0.000000
